#
# A fatal error has been detected by the Java Runtime Environment:
#
#  SIGILL (0x4) at pc=0xb6e03001, pid=4985, tid=3064736576
#
# JRE version: 6.0_27-b27
# Java VM: OpenJDK Client VM (20.0-b12 mixed mode linux-x86 )
# Derivative: IcedTea6 1.12.6
# Distribution: Ubuntu 13.04, package 6b27-1.12.6-1ubuntu0.13.04.4
# Problematic frame:
# V  [libjvm.so+0x1f7001]  instanceKlassKlass::allocate_instance_klass(int, int, int, unsigned int, ReferenceType, Thread*)+0x101
#
# If you would like to submit a bug report, please include
# instructions how to reproduce the bug and visit:
#   https://bugs.launchpad.net/ubuntu/+source/openjdk-6/
#

---------------  T H R E A D  ---------------

Current thread (0xb6905400):  JavaThread "Unknown thread" [_thread_in_vm, id=4986, stack(0xb6a72000,0xb6ac3000)]

siginfo:si_signo=SIGILL: si_errno=0, si_code=2 (ILL_ILLOPN), si_addr=0xb6e03001

Registers:
EAX=0xb6ac18dc, EBX=0xb7132000, ECX=0x00000000, EDX=0x00000000
ESP=0xb6ac18a0, EBP=0xb0860150, ESI=0xb69038a8, EDI=0x00000000
EIP=0xb6e03001, EFLAGS=0x00010282, CR2=0x00000000

Top of Stack: (sp=0xb6ac18a0)
0xb6ac18a0:   b6ac18dc b6ac18e8 00000054 b6ac18ec
0xb6ac18b0:   b6905400 b6ac194c b6ac1d28 b6942514
0xb6ac18c0:   b08667d4 b08667b8 00000005 b0865c10
0xb6ac18d0:   b0866008 b08667f8 00000054 b6922590
0xb6ac18e0:   b0866630 b08666d0 b692258c b71292c8
0xb6ac18f0:   b0866198 b0866110 b08662d8 b0866088
0xb6ac1900:   b693b3f8 00000000 00860000 01000000
0xb6ac1910:   00000000 00000000 00000000 00000000 

Instructions: (pc=0xb6e03001)
0xb6e02fe1:   8d 44 24 3c 8d 54 24 48 89 04 24 89 4c 24 10 89
0xb6e02ff1:   54 24 04 e8 37 0a 0b 00 50 8b 94 24 a8 01 00 ff
0xb6e03001:   ff ff ff ff ff ff ff ff ff ff ff ff ff ff ff ff
0xb6e03011:   ff ff ff ff ff ff ff ff ff ff ff ff ff ff ff ff 

Stack: [0xb6a72000,0xb6ac3000],  sp=0xb6ac18a0,  free space=318k
Native frames: (J=compiled Java code, j=interpreted, Vv=VM code, C=native code)
V  [libjvm.so+0x1f7001]  instanceKlassKlass::allocate_instance_klass(int, int, int, unsigned int, ReferenceType, Thread*)+0x101


---------------  P R O C E S S  ---------------

Java Threads: ( => current thread )

Other Threads:

=>0xb6905400 (exited) JavaThread "Unknown thread" [_thread_in_vm, id=4986, stack(0xb6a72000,0xb6ac3000)]

VM state:not at safepoint (not fully initialized)

VM Mutex/Monitor currently owned by a thread: None

Dynamic libraries:
08048000-08051000 r-xp 00000000 08:01 672270     /usr/lib/jvm/java-6-openjdk-i386/jre/bin/java
08051000-08052000 r--p 00008000 08:01 672270     /usr/lib/jvm/java-6-openjdk-i386/jre/bin/java
08052000-08053000 rw-p 00009000 08:01 672270     /usr/lib/jvm/java-6-openjdk-i386/jre/bin/java
09569000-0958a000 rw-p 00000000 00:00 0          [heap]
904ac000-904df000 rw-p 00000000 00:00 0 
904df000-90673000 r--s 03822000 08:01 672330     /usr/lib/jvm/java-6-openjdk-i386/jre/lib/rt.jar
90673000-9067a000 rw-p 00000000 00:00 0 
9067a000-90694000 rw-p 00000000 00:00 0 
90694000-9069a000 rw-p 00000000 00:00 0 
9069a000-9073f000 rw-p 00000000 00:00 0 
9073f000-90742000 rw-p 00000000 00:00 0 
90742000-90794000 rw-p 00000000 00:00 0 
90794000-9079a000 rw-p 00000000 00:00 0 
9079a000-9083f000 rw-p 00000000 00:00 0 
9083f000-90845000 rw-p 00000000 00:00 0 
90845000-9085f000 rw-p 00000000 00:00 0 
9085f000-90db0000 rw-p 00000000 00:00 0 
90db0000-9b300000 rw-p 00000000 00:00 0 
9b300000-9bdb0000 rw-p 00000000 00:00 0 
9bdb0000-b0860000 rw-p 00000000 00:00 0 
b0860000-b1460000 rw-p 00000000 00:00 0 
b1460000-b4860000 rw-p 00000000 00:00 0 
b4867000-b4868000 rw-p 00000000 00:00 0 
b4868000-b48e7000 rw-p 00000000 00:00 0 
b48e7000-b4917000 rwxp 00000000 00:00 0 
b4917000-b68e7000 rw-p 00000000 00:00 0 
b68e7000-b68f2000 r-xp 00000000 08:01 394126     /lib/i386-linux-gnu/libnss_files-2.17.so
b68f2000-b68f3000 r--p 0000a000 08:01 394126     /lib/i386-linux-gnu/libnss_files-2.17.so
b68f3000-b68f4000 rw-p 0000b000 08:01 394126     /lib/i386-linux-gnu/libnss_files-2.17.so
b68f4000-b68fe000 r-xp 00000000 08:01 394130     /lib/i386-linux-gnu/libnss_nis-2.17.so
b68fe000-b68ff000 r--p 00009000 08:01 394130     /lib/i386-linux-gnu/libnss_nis-2.17.so
b68ff000-b6900000 rw-p 0000a000 08:01 394130     /lib/i386-linux-gnu/libnss_nis-2.17.so
b6900000-b6951000 rw-p 00000000 00:00 0 
b6951000-b6a00000 ---p 00000000 00:00 0 
b6a0b000-b6a20000 r-xp 00000000 08:01 394120     /lib/i386-linux-gnu/libnsl-2.17.so
b6a20000-b6a21000 r--p 00014000 08:01 394120     /lib/i386-linux-gnu/libnsl-2.17.so
b6a21000-b6a22000 rw-p 00015000 08:01 394120     /lib/i386-linux-gnu/libnsl-2.17.so
b6a22000-b6a24000 rw-p 00000000 00:00 0 
b6a24000-b6a2b000 r-xp 00000000 08:01 394122     /lib/i386-linux-gnu/libnss_compat-2.17.so
b6a2b000-b6a2c000 r--p 00006000 08:01 394122     /lib/i386-linux-gnu/libnss_compat-2.17.so
b6a2c000-b6a2d000 rw-p 00007000 08:01 394122     /lib/i386-linux-gnu/libnss_compat-2.17.so
b6a2f000-b6a36000 r-xp 00000000 08:01 672296     /usr/lib/jvm/java-6-openjdk-i386/jre/lib/i386/libzip.so
b6a36000-b6a37000 r--p 00006000 08:01 672296     /usr/lib/jvm/java-6-openjdk-i386/jre/lib/i386/libzip.so
b6a37000-b6a38000 rw-p 00007000 08:01 672296     /usr/lib/jvm/java-6-openjdk-i386/jre/lib/i386/libzip.so
b6a38000-b6a40000 rw-s 00000000 08:01 2101134    /tmp/hsperfdata_rubyuser/4985
b6a40000-b6a66000 r-xp 00000000 08:01 672283     /usr/lib/jvm/java-6-openjdk-i386/jre/lib/i386/libjava.so
b6a66000-b6a67000 r--p 00025000 08:01 672283     /usr/lib/jvm/java-6-openjdk-i386/jre/lib/i386/libjava.so
b6a67000-b6a69000 rw-p 00026000 08:01 672283     /usr/lib/jvm/java-6-openjdk-i386/jre/lib/i386/libjava.so
b6a69000-b6a70000 r-xp 00000000 08:01 394173     /lib/i386-linux-gnu/librt-2.17.so
b6a70000-b6a71000 r--p 00006000 08:01 394173     /lib/i386-linux-gnu/librt-2.17.so
b6a71000-b6a72000 rw-p 00007000 08:01 394173     /lib/i386-linux-gnu/librt-2.17.so
b6a72000-b6a75000 ---p 00000000 00:00 0 
b6a75000-b6ac3000 rw-p 00000000 00:00 0          [stack:4986]
b6ac3000-b6ade000 r-xp 00000000 08:01 394078     /lib/i386-linux-gnu/libgcc_s.so.1
b6ade000-b6adf000 r--p 0001a000 08:01 394078     /lib/i386-linux-gnu/libgcc_s.so.1
b6adf000-b6ae0000 rw-p 0001b000 08:01 394078     /lib/i386-linux-gnu/libgcc_s.so.1
b6ae0000-b6b21000 r-xp 00000000 08:01 394101     /lib/i386-linux-gnu/libm-2.17.so
b6b21000-b6b22000 r--p 00040000 08:01 394101     /lib/i386-linux-gnu/libm-2.17.so
b6b22000-b6b23000 rw-p 00041000 08:01 394101     /lib/i386-linux-gnu/libm-2.17.so
b6b23000-b6bff000 r-xp 00000000 08:01 661262     /usr/lib/i386-linux-gnu/libstdc++.so.6.0.17
b6bff000-b6c00000 ---p 000dc000 08:01 661262     /usr/lib/i386-linux-gnu/libstdc++.so.6.0.17
b6c00000-b6c04000 r--p 000dc000 08:01 661262     /usr/lib/i386-linux-gnu/libstdc++.so.6.0.17
b6c04000-b6c05000 rw-p 000e0000 08:01 661262     /usr/lib/i386-linux-gnu/libstdc++.so.6.0.17
b6c05000-b6c0c000 rw-p 00000000 00:00 0 
b6c0c000-b711b000 r-xp 00000000 08:01 672314     /usr/lib/jvm/java-6-openjdk-i386/jre/lib/i386/client/libjvm.so
b711b000-b7132000 r--p 0050e000 08:01 672314     /usr/lib/jvm/java-6-openjdk-i386/jre/lib/i386/client/libjvm.so
b7132000-b713f000 rw-p 00525000 08:01 672314     /usr/lib/jvm/java-6-openjdk-i386/jre/lib/i386/client/libjvm.so
b713f000-b7559000 rw-p 00000000 00:00 0 
b7559000-b7570000 r-xp 00000000 08:01 394206     /lib/i386-linux-gnu/libz.so.1.2.7
b7570000-b7571000 r--p 00016000 08:01 394206     /lib/i386-linux-gnu/libz.so.1.2.7
b7571000-b7572000 rw-p 00017000 08:01 394206     /lib/i386-linux-gnu/libz.so.1.2.7
b7572000-b771f000 r-xp 00000000 08:01 394053     /lib/i386-linux-gnu/libc-2.17.so
b771f000-b7721000 r--p 001ad000 08:01 394053     /lib/i386-linux-gnu/libc-2.17.so
b7721000-b7722000 rw-p 001af000 08:01 394053     /lib/i386-linux-gnu/libc-2.17.so
b7722000-b7725000 rw-p 00000000 00:00 0 
b7725000-b7728000 r-xp 00000000 08:01 394068     /lib/i386-linux-gnu/libdl-2.17.so
b7728000-b7729000 r--p 00002000 08:01 394068     /lib/i386-linux-gnu/libdl-2.17.so
b7729000-b772a000 rw-p 00003000 08:01 394068     /lib/i386-linux-gnu/libdl-2.17.so
b772a000-b772e000 r-xp 00000000 08:01 672286     /usr/lib/jvm/java-6-openjdk-i386/jre/lib/i386/jli/libjli.so
b772e000-b772f000 r--p 00003000 08:01 672286     /usr/lib/jvm/java-6-openjdk-i386/jre/lib/i386/jli/libjli.so
b772f000-b7730000 rw-p 00004000 08:01 672286     /usr/lib/jvm/java-6-openjdk-i386/jre/lib/i386/jli/libjli.so
b7730000-b7731000 rw-p 00000000 00:00 0 
b7731000-b7748000 r-xp 00000000 08:01 394165     /lib/i386-linux-gnu/libpthread-2.17.so
b7748000-b7749000 r--p 00016000 08:01 394165     /lib/i386-linux-gnu/libpthread-2.17.so
b7749000-b774a000 rw-p 00017000 08:01 394165     /lib/i386-linux-gnu/libpthread-2.17.so
b774a000-b774c000 rw-p 00000000 00:00 0 
b774e000-b774f000 rw-p 00000000 00:00 0 
b774f000-b7750000 r--p 00000000 00:00 0 
b7750000-b775d000 r-xp 00000000 08:01 672295     /usr/lib/jvm/java-6-openjdk-i386/jre/lib/i386/libverify.so
b775d000-b775e000 r--p 0000c000 08:01 672295     /usr/lib/jvm/java-6-openjdk-i386/jre/lib/i386/libverify.so
b775e000-b775f000 rw-p 0000d000 08:01 672295     /usr/lib/jvm/java-6-openjdk-i386/jre/lib/i386/libverify.so
b775f000-b7761000 rw-p 00000000 00:00 0 
b7761000-b7762000 r-xp 00000000 00:00 0          [vdso]
b7762000-b7782000 r-xp 00000000 08:01 394029     /lib/i386-linux-gnu/ld-2.17.so
b7782000-b7783000 r--p 0001f000 08:01 394029     /lib/i386-linux-gnu/ld-2.17.so
b7783000-b7784000 rw-p 00020000 08:01 394029     /lib/i386-linux-gnu/ld-2.17.so
bfd99000-bfdba000 rw-p 00000000 00:00 0          [stack]

VM Arguments:
java_command: <unknown>
Launcher Type: SUN_STANDARD

Environment Variables:
PATH=/usr/local/sbin:/usr/local/bin:/usr/sbin:/usr/bin:/sbin:/bin:/usr/games:/usr/local/games
LD_LIBRARY_PATH=/usr/lib/jvm/java-6-openjdk-i386/jre/lib/i386/client:/usr/lib/jvm/java-6-openjdk-i386/jre/lib/i386:/usr/lib/jvm/java-6-openjdk-i386/jre/../lib/i386:/usr/lib/oracle/12.1/client/lib
SHELL=/bin/bash
DISPLAY=:0

Signal Handlers:
SIGSEGV: [libjvm.so+0x3f03f0], sa_mask[0]=0x7ffbfeff, sa_flags=0x10000004
SIGBUS: [libjvm.so+0x3f03f0], sa_mask[0]=0x7ffbfeff, sa_flags=0x10000004
SIGFPE: [libjvm.so+0x30da90], sa_mask[0]=0x7ffbfeff, sa_flags=0x10000004
SIGPIPE: [libjvm.so+0x30da90], sa_mask[0]=0x7ffbfeff, sa_flags=0x10000004
SIGXFSZ: [libjvm.so+0x30da90], sa_mask[0]=0x7ffbfeff, sa_flags=0x10000004
SIGILL: [libjvm.so+0x30da90], sa_mask[0]=0x7ffbfeff, sa_flags=0x10000004
SIGUSR1: SIG_DFL, sa_mask[0]=0x00000000, sa_flags=0x00000000
SIGUSR2: [libjvm.so+0x30d930], sa_mask[0]=0x00000000, sa_flags=0x10000004
SIGHUP: SIG_DFL, sa_mask[0]=0x00000000, sa_flags=0x00000000
SIGINT: SIG_DFL, sa_mask[0]=0x00000000, sa_flags=0x00000000
SIGTERM: SIG_DFL, sa_mask[0]=0x00000000, sa_flags=0x00000000
SIGQUIT: SIG_DFL, sa_mask[0]=0x00000000, sa_flags=0x00000000


---------------  S Y S T E M  ---------------

OS:Ubuntu 13.04 (raring)
uname:Linux 3.8.0-19-generic #29-Ubuntu SMP Wed Apr 17 18:19:42 UTC 2013 i686
libc:glibc 2.17 NPTL 2.17 
rlimit: STACK 8192k, CORE 0k, NPROC 12138, NOFILE 4096, AS infinity
load average:0.36 0.56 0.41

/proc/meminfo:
MemTotal:        1570196 kB
MemFree:          121624 kB
Buffers:           45972 kB
Cached:           459936 kB
SwapCached:       112544 kB
Active:           684020 kB
Inactive:         679888 kB
Active(anon):     440984 kB
Inactive(anon):   493844 kB
Active(file):     243036 kB
Inactive(file):   186044 kB
Unevictable:          32 kB
Mlocked:              32 kB
HighTotal:        683976 kB
HighFree:           9996 kB
LowTotal:         886220 kB
LowFree:          111628 kB
SwapTotal:       1595388 kB
SwapFree:        1104280 kB
Dirty:                52 kB
Writeback:             0 kB
AnonPages:        768048 kB
Mapped:           176268 kB
Shmem:             76864 kB
Slab:              47376 kB
SReclaimable:      29816 kB
SUnreclaim:        17560 kB
KernelStack:        5472 kB
PageTables:        19848 kB
NFS_Unstable:          0 kB
Bounce:                0 kB
WritebackTmp:          0 kB
CommitLimit:     2380484 kB
Committed_AS:    7178016 kB
VmallocTotal:     122880 kB
VmallocUsed:       25168 kB
VmallocChunk:      95540 kB
HardwareCorrupted:     0 kB
AnonHugePages:         0 kB
HugePages_Total:       0
HugePages_Free:        0
HugePages_Rsvd:        0
HugePages_Surp:        0
Hugepagesize:       2048 kB
DirectMap4k:       12280 kB
DirectMap2M:      901120 kB


CPU:total 2 (2 cores per cpu, 1 threads per core) family 6 model 58 stepping 9, cmov, cx8, fxsr, mmx, sse, sse2, sse3, ssse3

Memory: 4k page, physical 1570196k(122236k free), swap 1595388k(1104280k free)

vm_info: OpenJDK Client VM (20.0-b12) for linux-x86 JRE (1.6.0_27-b27), built on Nov 16 2013 17:13:03 by "buildd" with gcc 4.7.3

time: Thu Jul 10 11:41:33 2014
elapsed time: 0 seconds

